SF:/Users/nico/Pro/Marketing/Code Legacy reprenons le contrôle/gilded-rose-kata-mug-2018/GildedRose/App/AgedBrie.cs
DA:4,11
DA:5,11
DA:7,11
DA:8,22
DA:9,20
DA:10,11
end_of_record
SF:/Users/nico/Pro/Marketing/Code Legacy reprenons le contrôle/gilded-rose-kata-mug-2018/GildedRose/App/BackstagePasses.cs
DA:3,33
DA:4,33
DA:6,33
DA:7,51
DA:8,44
DA:9,39
DA:10,40
DA:11,33
end_of_record
SF:/Users/nico/Pro/Marketing/Code Legacy reprenons le contrôle/gilded-rose-kata-mug-2018/GildedRose/App/Conjured.cs
DA:3,4
DA:4,4
DA:6,4
DA:7,4
DA:8,5
DA:9,5
DA:10,4
end_of_record
SF:/Users/nico/Pro/Marketing/Code Legacy reprenons le contrôle/gilded-rose-kata-mug-2018/GildedRose/App/GildedRose.cs
DA:6,44
DA:8,2
DA:9,1
DA:10,1
DA:12,11
DA:13,330
DA:14,99
DA:15,99
DA:16,11
end_of_record
SF:/Users/nico/Pro/Marketing/Code Legacy reprenons le contrôle/gilded-rose-kata-mug-2018/GildedRose/App/Item.cs
DA:4,745
DA:5,22
DA:8,738
DA:9,180
DA:12,784
DA:13,202
DA:16,103
DA:18,103
end_of_record
SF:/Users/nico/Pro/Marketing/Code Legacy reprenons le contrôle/gilded-rose-kata-mug-2018/GildedRose/App/LegacyGildedRose.cs
DA:5,1215
DA:6,2
DA:7,1
DA:8,1
DA:10,11
DA:11,319
DA:12,154
DA:13,99
DA:14,66
DA:15,22
DA:16,22
DA:17,44
DA:18,99
DA:19,73
DA:20,29
DA:22,47
DA:23,31
DA:24,24
DA:25,11
DA:26,11
DA:27,13
DA:29,25
DA:30,13
DA:31,6
DA:32,6
DA:33,7
DA:34,18
DA:35,29
DA:36,44
DA:38,176
DA:39,77
DA:40,77
DA:42,141
DA:43,75
DA:44,59
DA:45,40
DA:46,17
DA:47,3
DA:48,3
DA:49,14
DA:50,33
DA:51,7
DA:52,7
DA:53,42
DA:54,18
DA:55,9
DA:56,9
DA:57,9
DA:58,42
DA:59,99
DA:60,11
end_of_record
SF:/Users/nico/Pro/Marketing/Code Legacy reprenons le contrôle/gilded-rose-kata-mug-2018/GildedRose/App/NormalItem.cs
DA:3,33
DA:4,33
DA:6,33
DA:7,55
DA:8,36
DA:9,33
end_of_record
SF:/Users/nico/Pro/Marketing/Code Legacy reprenons le contrôle/gilded-rose-kata-mug-2018/GildedRose/App/Program.cs
DA:6,0
DA:7,0
DA:8,0
DA:10,0
DA:12,0
DA:13,0
DA:14,0
DA:15,0
DA:16,0
DA:17,0
DA:18,0
DA:19,0
DA:20,0
DA:21,0
DA:23,0
DA:24,0
DA:25,0
DA:26,0
DA:27,0
DA:28,0
DA:29,0
DA:30,0
DA:31,0
DA:32,0
DA:33,0
DA:34,0
DA:35,0
DA:36,0
DA:37,0
DA:38,0
DA:39,0
DA:40,0
DA:41,0
DA:42,0
DA:43,0
DA:44,0
DA:45,0
DA:46,0
DA:47,0
DA:48,0
DA:49,0
DA:50,0
DA:51,0
DA:52,0
DA:53,0
DA:54,0
DA:55,0
DA:56,0
DA:57,0
DA:58,0
DA:59,0
DA:60,0
DA:62,2
DA:63,2
DA:64,2
DA:65,2
DA:66,2
DA:67,2
DA:68,2
DA:69,2
DA:70,2
DA:71,2
DA:72,2
DA:73,2
DA:74,2
DA:75,2
DA:76,2
DA:77,2
DA:78,2
DA:79,2
DA:80,2
DA:81,2
DA:82,2
DA:83,2
DA:84,2
DA:85,2
DA:86,2
DA:87,2
DA:88,2
DA:89,2
DA:90,2
DA:91,2
DA:92,2
DA:93,2
DA:94,2
DA:95,2
DA:96,2
DA:97,2
DA:98,2
DA:99,2
end_of_record