SF:/Users/nico/Pro/Marketing/Code Legacy reprenons le contrôle/gilded-rose-kata-mug-2018/GildedRose/App/Items.cs
DA:7,2
DA:8,2
DA:9,2
DA:10,2
DA:11,2
DA:12,2
DA:13,2
DA:14,2
DA:15,2
DA:16,2
DA:17,2
DA:18,2
DA:19,2
DA:20,2
DA:21,2
DA:22,2
DA:23,2
DA:24,2
DA:25,2
DA:26,2
DA:27,2
DA:28,2
DA:29,2
DA:30,2
DA:31,2
DA:32,2
DA:33,2
DA:34,2
DA:35,2
end_of_record
SF:/Users/nico/Pro/Marketing/Code Legacy reprenons le contrôle/gilded-rose-kata-mug-2018/GildedRose/App/GildedRose.cs
DA:8,1
DA:9,1
DA:10,1
DA:11,1
DA:14,100
DA:15,2000
DA:16,900
DA:17,900
DA:18,500
DA:19,500
DA:20,226
DA:21,226
DA:22,26
DA:23,26
DA:24,26
DA:25,226
DA:26,500
DA:28,400
DA:29,400
DA:30,310
DA:31,310
DA:33,310
DA:34,284
DA:35,284
DA:36,279
DA:37,279
DA:38,277
DA:39,277
DA:40,277
DA:41,279
DA:43,284
DA:44,273
DA:45,273
DA:46,272
DA:47,272
DA:48,272
DA:49,273
DA:50,284
DA:51,310
DA:52,400
DA:54,900
DA:55,700
DA:56,700
DA:57,700
DA:59,900
DA:60,750
DA:61,750
DA:62,652
DA:63,652
DA:64,382
DA:65,382
DA:66,107
DA:67,107
DA:68,7
DA:69,7
DA:70,7
DA:71,107
DA:72,382
DA:74,270
DA:75,270
DA:76,270
DA:77,652
DA:79,98
DA:80,98
DA:81,24
DA:82,24
DA:83,24
DA:84,98
DA:85,750
DA:86,900
DA:87,100
end_of_record
SF:/Users/nico/Pro/Marketing/Code Legacy reprenons le contrôle/gilded-rose-kata-mug-2018/GildedRose/App/Item.cs
DA:5,12908
DA:6,9354
DA:7,12766
end_of_record
SF:/Users/nico/Pro/Marketing/Code Legacy reprenons le contrôle/gilded-rose-kata-mug-2018/GildedRose/App/LegacyGildedRose.cs
DA:8,1
DA:9,1
DA:10,1
DA:11,1
DA:14,100
DA:15,2000
DA:16,900
DA:17,900
DA:18,500
DA:19,500
DA:20,226
DA:21,226
DA:22,26
DA:23,26
DA:24,26
DA:25,226
DA:26,500
DA:28,400
DA:29,400
DA:30,310
DA:31,310
DA:33,310
DA:34,284
DA:35,284
DA:36,279
DA:37,279
DA:38,277
DA:39,277
DA:40,277
DA:41,279
DA:43,284
DA:44,273
DA:45,273
DA:46,272
DA:47,272
DA:48,272
DA:49,273
DA:50,284
DA:51,310
DA:52,400
DA:54,900
DA:55,700
DA:56,700
DA:57,700
DA:59,900
DA:60,750
DA:61,750
DA:62,652
DA:63,652
DA:64,382
DA:65,382
DA:66,107
DA:67,107
DA:68,7
DA:69,7
DA:70,7
DA:71,107
DA:72,382
DA:74,270
DA:75,270
DA:76,270
DA:77,652
DA:79,98
DA:80,98
DA:81,24
DA:82,24
DA:83,24
DA:84,98
DA:85,750
DA:86,900
DA:87,100
end_of_record
SF:/Users/nico/Pro/Marketing/Code Legacy reprenons le contrôle/gilded-rose-kata-mug-2018/GildedRose/App/Program.cs
DA:9,1
DA:27,1
end_of_record